#
# A fatal error has been detected by the Java Runtime Environment:
#
#  EXCEPTION_ACCESS_VIOLATION (0xc0000005) at pc=0x00007ff97ead1be9, pid=172192, tid=169244
#
# JRE version:  (17.0.12+7) (build )
# Java VM: OpenJDK 64-Bit Server VM (17.0.12+7, mixed mode, sharing, tiered, unknown gc, windows-amd64)
# Problematic frame:
# C  [jimage.dll+0x1be9]
#
# No core dump will be written. Minidumps are not enabled by default on client versions of Windows
#
#

---------------  S U M M A R Y ------------

Command Line: 

Host: 13th Gen Intel(R) Core(TM) i5-13420H, 12 cores, 7G,  Windows 11 , 64 bit Build 22621 (10.0.22621.3958)
Time: Tue Nov  5 19:54:01 2024 Sri Lanka Standard Time elapsed time: 0.032634 seconds (0d 0h 0m 0s)

---------------  T H R E A D  ---------------

Current thread is native thread

Stack: [0x0000007f53a00000,0x0000007f53b00000],  sp=0x0000007f53afd8c0,  free space=1014k
Native frames: (J=compiled Java code, j=interpreted, Vv=VM code, C=native code)
C  [jimage.dll+0x1be9]
C  [jimage.dll+0x1d77]
C  [jimage.dll+0x2655]
V  [jvm.dll+0x1f343a]
V  [jvm.dll+0xb105e]
V  [jvm.dll+0x7e6f0c]
V  [jvm.dll+0x3f0edf]
V  [jvm.dll+0x3f2a31]
C  [jli.dll+0x528f]
C  [ucrtbase.dll+0x29333]
C  [KERNEL32.DLL+0x1257d]
C  [ntdll.dll+0x5af08]


siginfo: EXCEPTION_ACCESS_VIOLATION (0xc0000005), reading address 0x000000000000f764


Registers:
RAX=0x0000000000003dd2, RBX=0x0000007f53afd9b1, RCX=0x00007ff97ead6000, RDX=0x0000000000003dd2
RSP=0x0000007f53afd8c0, RBP=0x0000007f53afd9b0, RSI=0x00000000000071d6, RDI=0x0000007f53afd9b0
R8 =0x00007ff97ead4288, R9 =0x000000000000001c, R10=0x00007ff980010000, R11=0x00007ff97ead6000
R12=0x0000000000000002, R13=0x0000017f9f0c9400, R14=0x0000007f53afea20, R15=0x00007ff86bc4ad68
RIP=0x00007ff97ead1be9, EFLAGS=0x0000000000010246


Top of Stack: (sp=0x0000007f53afd8c0)
0x0000007f53afd8c0:   0000017f9f0c0150 000000000f00040b
0x0000007f53afd8d0:   0000017f9ef70c30 0000017f9f0c0000
0x0000007f53afd8e0:   0000017f9f0fef30 00007ff97ead1d77
0x0000007f53afd8f0:   000000000000000b 0000017f9f0fef30
0x0000007f53afd900:   0000000000001000 0000000000800001
0x0000007f53afd910:   0000000000001010 0000000000000000
0x0000007f53afd920:   0000000000000101 000000000900030a
0x0000007f53afd930:   0000017f9f0c0000 00007ff98d5ed219
0x0000007f53afd940:   0000017f9f0c0000 0000017f00800003
0x0000007f53afd950:   00007273a113336a 0000017f9f0c0150
0x0000007f53afd960:   00007ff86bc29820 0000000000000017
0x0000007f53afd970:   0000017f9f0fef30 0000007f53afea20
0x0000007f53afd980:   000000000000000b 00007ff97ead2655
0x0000007f53afd990:   0000017f9f0c0000 00007ff9000003ff
0x0000007f53afd9a0:   00000000000006a3 0000017fa14065a0
0x0000007f53afd9b0:   61622e6176616a2f 692f6b646a2f6573
0x0000007f53afd9c0:   2f6c616e7265746e 6f6974706f2f6d76
0x0000007f53afd9d0:   0000017f9f00736e 0000017fa1406fc0
0x0000007f53afd9e0:   0000017f000003ff 00000000000006a3
0x0000007f53afd9f0:   0000017fa13d0000 0000017f05010004
0x0000007f53afda00:   00000000000005eb 0000000000005eb0
0x0000007f53afda10:   0000017f9f0c007c 0000017f9f0c0150
0x0000007f53afda20:   0000017fa1406590 00007ff90900030a
0x0000007f53afda30:   0000017f9f0c0000 0000007f02000002
0x0000007f53afda40:   0000000000000000 0000000000000000
0x0000007f53afda50:   0000017f9f0c0150 0000017fa140c440
0x0000007f53afda60:   0000000000000000 0000000000000000
0x0000007f53afda70:   00000000000000b8 00007ff98d5f46fa
0x0000007f53afda80:   0000017f9f0c4250 0000007f53afddb9
0x0000007f53afda90:   0000017f9f0c0000 00000000000000b8
0x0000007f53afdaa0:   0000017fa140c450 0000017fa140c440
0x0000007f53afdab0:   0000017f9f0c02c0 00007ff98d5ef936 

Instructions: (pc=0x00007ff97ead1be9)
0x00007ff97ead1ae9:   48 85 c9 74 1d 80 3d 1b 45 00 00 00 74 06 48 8b
0x00007ff97ead1af9:   53 18 eb 04 48 8b 53 40 e8 ae 0e 00 00 48 83 63
0x00007ff97ead1b09:   48 00 8b 4b 0c 83 f9 ff 74 09 e8 e4 0c 00 00 83
0x00007ff97ead1b19:   4b 0c ff 48 8b 4b 70 48 85 c9 74 0f ba 10 00 00
0x00007ff97ead1b29:   00 e8 fd 0e 00 00 48 83 63 70 00 48 83 c4 20 5b
0x00007ff97ead1b39:   c3 cc cc 40 53 48 83 ec 20 48 8b d9 48 8d 0d d4
0x00007ff97ead1b49:   46 00 00 e8 b3 0c 00 00 83 6b 08 01 75 24 48 8b
0x00007ff97ead1b59:   d3 48 8d 0d b7 44 00 00 e8 22 08 00 00 48 8b cb
0x00007ff97ead1b69:   e8 de fe ff ff ba 78 00 00 00 48 8b cb e8 b1 0e
0x00007ff97ead1b79:   00 00 48 8d 0d 9e 46 00 00 48 83 c4 20 5b e9 80
0x00007ff97ead1b89:   0c 00 00 48 89 5c 24 08 48 89 74 24 10 57 48 83
0x00007ff97ead1b99:   ec 20 41 8b f1 4d 8b c8 48 8b fa 4c 8b d9 4d 85
0x00007ff97ead1ba9:   c0 74 78 85 f6 74 74 44 8a 12 48 8d 5a 01 48 8b
0x00007ff97ead1bb9:   d3 b8 93 01 00 01 eb 12 69 c0 93 01 00 01 41 0f
0x00007ff97ead1bc9:   b6 ca 44 8a 12 33 c1 48 ff c2 45 84 d2 75 e9 4d
0x00007ff97ead1bd9:   8b 03 0f ba f0 1f 33 d2 49 8b cb f7 f6 48 63 c2
0x00007ff97ead1be9:   41 8b 14 81 41 ff 50 08 85 c0 7e 24 8a 0f eb 10
0x00007ff97ead1bf9:   69 c0 93 01 00 01 0f b6 c9 33 c1 8a 0b 48 ff c3
0x00007ff97ead1c09:   84 c9 75 ec 0f ba f0 1f 33 d2 f7 f6 8b c2 eb 0e
0x00007ff97ead1c19:   79 09 83 c9 ff 2b c8 8b c1 eb 03 83 c8 ff 48 8b
0x00007ff97ead1c29:   5c 24 30 48 8b 74 24 38 48 83 c4 20 5f c3 cc 48
0x00007ff97ead1c39:   89 5c 24 08 48 89 74 24 10 57 48 83 ec 20 48 8b
0x00007ff97ead1c49:   f1 48 8d 0d cf 45 00 00 e8 ae 0b 00 00 33 ff 39
0x00007ff97ead1c59:   3d ba 43 00 00 76 24 48 8b 05 b9 43 00 00 48 8b
0x00007ff97ead1c69:   d6 48 8b 1c f8 48 8b 0b e8 64 1e 00 00 85 c0 74
0x00007ff97ead1c79:   2b ff c7 3b 3d 96 43 00 00 72 dc 33 db 48 8d 0d
0x00007ff97ead1c89:   93 45 00 00 e8 7a 0b 00 00 48 8b 74 24 38 48 8b
0x00007ff97ead1c99:   c3 48 8b 5c 24 30 48 83 c4 20 5f c3 ff 43 08 eb
0x00007ff97ead1ca9:   dc cc cc 48 89 5c 24 08 48 89 74 24 10 57 48 83
0x00007ff97ead1cb9:   ec 20 48 8b d9 48 8b f2 48 8b 49 10 49 8b f8 8b
0x00007ff97ead1cc9:   53 30 48 8b 01 ff 50 20 4c 8b 43 50 48 8b d6 48
0x00007ff97ead1cd9:   8b 4b 10 44 8b c8 e8 a8 fe ff ff 83 f8 ff 74 38 



---------------  P R O C E S S  ---------------

VM state: not at safepoint (not fully initialized)

VM Mutex/Monitor currently owned by a thread: None

GC Precious Log:
<Not initialized>


Dynamic libraries:
0x00007ff6b2cf0000 - 0x00007ff6b2cfe000 	c:\Users\pehan\.vscode\extensions\redhat.java-1.34.0-win32-x64\jre\17.0.12-win32-x86_64\bin\java.exe
0x00007ff98d5b0000 - 0x00007ff98d7c7000 	C:\WINDOWS\SYSTEM32\ntdll.dll
0x00007ff98c2a0000 - 0x00007ff98c364000 	C:\WINDOWS\System32\KERNEL32.DLL
0x00007ff98ae00000 - 0x00007ff98b1b7000 	C:\WINDOWS\System32\KERNELBASE.dll
0x00007ff98ace0000 - 0x00007ff98adf1000 	C:\WINDOWS\System32\ucrtbase.dll
0x00007ff9817b0000 - 0x00007ff9817c7000 	c:\Users\pehan\.vscode\extensions\redhat.java-1.34.0-win32-x64\jre\17.0.12-win32-x86_64\bin\jli.dll
0x00007ff980010000 - 0x00007ff98002b000 	c:\Users\pehan\.vscode\extensions\redhat.java-1.34.0-win32-x64\jre\17.0.12-win32-x86_64\bin\VCRUNTIME140.dll
0x00007ff98c910000 - 0x00007ff98cabf000 	C:\WINDOWS\System32\USER32.dll
0x00007ff98abf0000 - 0x00007ff98ac16000 	C:\WINDOWS\System32\win32u.dll
0x00007ff95f6b0000 - 0x00007ff95f943000 	C:\WINDOWS\WinSxS\amd64_microsoft.windows.common-controls_6595b64144ccf1df_6.0.22621.3672_none_2713b9d173822955\COMCTL32.dll
0x00007ff98c8e0000 - 0x00007ff98c909000 	C:\WINDOWS\System32\GDI32.dll
0x00007ff98a960000 - 0x00007ff98aa78000 	C:\WINDOWS\System32\gdi32full.dll
0x00007ff98b660000 - 0x00007ff98b707000 	C:\WINDOWS\System32\msvcrt.dll
0x00007ff98b240000 - 0x00007ff98b2da000 	C:\WINDOWS\System32\msvcp_win.dll
0x00007ff98c370000 - 0x00007ff98c3a1000 	C:\WINDOWS\System32\IMM32.DLL
0x00007ff9821a0000 - 0x00007ff9821ac000 	c:\Users\pehan\.vscode\extensions\redhat.java-1.34.0-win32-x64\jre\17.0.12-win32-x86_64\bin\vcruntime140_1.dll
0x00007ff93c250000 - 0x00007ff93c2dd000 	c:\Users\pehan\.vscode\extensions\redhat.java-1.34.0-win32-x64\jre\17.0.12-win32-x86_64\bin\msvcp140.dll
0x00007ff86b310000 - 0x00007ff86bf7a000 	c:\Users\pehan\.vscode\extensions\redhat.java-1.34.0-win32-x64\jre\17.0.12-win32-x86_64\bin\server\jvm.dll
0x00007ff98d030000 - 0x00007ff98d0e2000 	C:\WINDOWS\System32\ADVAPI32.dll
0x00007ff98b890000 - 0x00007ff98b938000 	C:\WINDOWS\System32\sechost.dll
0x00007ff98a8c0000 - 0x00007ff98a8e8000 	C:\WINDOWS\System32\bcrypt.dll
0x00007ff98c740000 - 0x00007ff98c854000 	C:\WINDOWS\System32\RPCRT4.dll
0x00007ff98b9b0000 - 0x00007ff98ba21000 	C:\WINDOWS\System32\WS2_32.dll
0x00007ff989770000 - 0x00007ff9897bd000 	C:\WINDOWS\SYSTEM32\POWRPROF.dll
0x00007ff981fa0000 - 0x00007ff981fd4000 	C:\WINDOWS\SYSTEM32\WINMM.dll
0x00007ff97f530000 - 0x00007ff97f53a000 	C:\WINDOWS\SYSTEM32\VERSION.dll
0x00007ff989750000 - 0x00007ff989763000 	C:\WINDOWS\SYSTEM32\UMPDC.dll
0x00007ff989a00000 - 0x00007ff989a18000 	C:\WINDOWS\SYSTEM32\kernel.appcore.dll
0x00007ff97ead0000 - 0x00007ff97eada000 	c:\Users\pehan\.vscode\extensions\redhat.java-1.34.0-win32-x64\jre\17.0.12-win32-x86_64\bin\jimage.dll
0x00007ff9881a0000 - 0x00007ff9883d2000 	C:\WINDOWS\SYSTEM32\DBGHELP.DLL
0x00007ff98c3b0000 - 0x00007ff98c73e000 	C:\WINDOWS\System32\combase.dll
0x00007ff98b3c0000 - 0x00007ff98b497000 	C:\WINDOWS\System32\OLEAUT32.dll
0x00007ff97e9f0000 - 0x00007ff97ea22000 	C:\WINDOWS\SYSTEM32\dbgcore.DLL
0x00007ff98b1c0000 - 0x00007ff98b23b000 	C:\WINDOWS\System32\bcryptPrimitives.dll

dbghelp: loaded successfully - version: 4.0.5 - missing functions: none
symbol engine: initialized successfully - sym options: 0x614 - pdb path: .;c:\Users\pehan\.vscode\extensions\redhat.java-1.34.0-win32-x64\jre\17.0.12-win32-x86_64\bin;C:\WINDOWS\SYSTEM32;C:\WINDOWS\WinSxS\amd64_microsoft.windows.common-controls_6595b64144ccf1df_6.0.22621.3672_none_2713b9d173822955;c:\Users\pehan\.vscode\extensions\redhat.java-1.34.0-win32-x64\jre\17.0.12-win32-x86_64\bin\server

VM Arguments:
java_command: <unknown>
java_class_path (initial): <not set>
Launcher Type: SUN_STANDARD

[Global flags]
     bool UseLargePagesIndividualAllocation        = false                                  {pd product} {ergonomic}

Logging:
Log output configuration:
 #0: stdout all=warning uptime,level,tags
 #1: stderr all=off uptime,level,tags

Environment Variables:
JAVA_HOME=C:\Users\pehan\AppData\Local\Coursier\cache\arc\https\github.com\adoptium\temurin11-binaries\releases\download\jdk-11.0.23%252B9\OpenJDK11U-jdk_x64_windows_hotspot_11.0.23_9.zip\jdk-11.0.23+9
PATH=C:\Program Files\Common Files\Oracle\Java\javapath;C:\Program Files (x86)\Common Files\Oracle\Java\java8path;C:\Program Files (x86)\Common Files\Oracle\Java\javapath;C:\windows\system32;C:\windows;C:\windows\System32\Wbem;C:\windows\System32\WindowsPowerShell\v1.0\;C:\windows\System32\OpenSSH\;C:\Program Files (x86)\NVIDIA Corporation\PhysX\Common;C:\Program Files\NVIDIA Corporation\NVIDIA NvDLISR;C:\WINDOWS\system32;C:\WINDOWS;C:\WINDOWS\System32\Wbem;C:\WINDOWS\System32\WindowsPowerShell\v1.0\;C:\WINDOWS\System32\OpenSSH\;C:\Program Files\Microsoft SQL Server\150\Tools\Binn\;C:\Program Files\Microsoft SQL Server\Client SDK\ODBC\170\Tools\Binn\;C:\Program Files\dotnet\;C:\Program Files\Git\cmd;C:\Program Files\HP\HP One Agent;C:\Program Files\nodejs\;C:\Users\pehan\Downloads\apache-maven-3.9.9\bin;C:\Users\pehan\AppData\Local\Microsoft\WindowsApps;C:\Users\pehan\AppData\Local\Programs\Microsoft VS Code\bin;C:\Program Files\JetBrains\IntelliJ IDEA 2024.1.3\bin;;C:\Users\pehan\.dotnet\tools;C:\Users\pehan\AppData\Local\GitHubDesktop\bin;C:\Users\pehan\AppData\Local\Coursier\cache\arc\https\github.com\adoptium\temurin11-binaries\releases\download\jdk-11.0.23%252B9\OpenJDK11U-jdk_x64_windows_hotspot_11.0.23_9.zip\jdk-11.0.23+9\bin;C:\Users\pehan\AppData\Local\Coursier\data\bin;C:\Users\pehan\AppData\Roaming\npm
USERNAME=pehan
OS=Windows_NT
PROCESSOR_IDENTIFIER=Intel64 Family 6 Model 186 Stepping 2, GenuineIntel
TMP=C:\Users\pehan\AppData\Local\Temp
TEMP=C:\Users\pehan\AppData\Local\Temp



Periodic native trim disabled


---------------  S Y S T E M  ---------------

OS:
 Windows 11 , 64 bit Build 22621 (10.0.22621.3958)
OS uptime: 11 days 23:01 hours

CPU: total 12 (initial active 0) 
Processor Information for processor 0
  Max Mhz: 2100, Current Mhz: 2100, Mhz Limit: 2100
Processor Information for processor 1
  Max Mhz: 2100, Current Mhz: 2100, Mhz Limit: 2100
Processor Information for processor 2
  Max Mhz: 2100, Current Mhz: 2100, Mhz Limit: 2100
Processor Information for processor 3
  Max Mhz: 2100, Current Mhz: 2100, Mhz Limit: 2100
Processor Information for processor 4
  Max Mhz: 2100, Current Mhz: 2100, Mhz Limit: 2100
Processor Information for processor 5
  Max Mhz: 2100, Current Mhz: 2100, Mhz Limit: 2100
Processor Information for processor 6
  Max Mhz: 2100, Current Mhz: 2100, Mhz Limit: 2100
Processor Information for processor 7
  Max Mhz: 2100, Current Mhz: 2100, Mhz Limit: 2100
Processor Information for processor 8
  Max Mhz: 2100, Current Mhz: 2100, Mhz Limit: 2100
Processor Information for processor 9
  Max Mhz: 2100, Current Mhz: 1540, Mhz Limit: 2100
Processor Information for processor 10
  Max Mhz: 2100, Current Mhz: 2100, Mhz Limit: 2100
Processor Information for processor 11
  Max Mhz: 2100, Current Mhz: 1540, Mhz Limit: 2100

Memory: 4k page, system-wide physical 7832M (570M free)
TotalPageFile size 31384M (AvailPageFile size 1M)
current process WorkingSet (physical memory assigned to process): 8M, peak: 8M
current process commit charge ("private bytes"): 3M, peak: 3M

vm_info: OpenJDK 64-Bit Server VM (17.0.12+7) for windows-amd64 JRE (17.0.12+7), built on Jul 16 2024 22:08:24 by "admin" with MS VC++ 16.10 / 16.11 (VS2019)

END.
